<?xml version="1.0" encoding="UTF-8"?>
<!-- Generated by org.testng.reporters.JUnitReportReporter -->
<testsuite hostname="DESKTOP-72C22PA" failures="0" tests="1" name="TestCases.VerifySignUpTextCase" time="16.565" errors="0" timestamp="2022-09-03T11:04:31 IST" skipped="0">
  <testcase classname="TestCases.VerifySignUpTextCase" name="SignUp" time="16.565"/>
  <system-out/>
</testsuite> <!-- TestCases.VerifySignUpTextCase -->
